<?xml version="1.0" encoding="UTF-8"?>
<!-- Generated by org.testng.reporters.JUnitReportReporter -->
<testsuite hostname="praveen-PC" name="dec28.Login" tests="1" failures="0" timestamp="30 Dec 2015 06:08:12 GMT" time="26.137" errors="0">
  <testcase name="loginTest" time="26.137" classname="dec28.Login"/>
</testsuite> <!-- dec28.Login -->
