<?xml version="1.0" encoding="UTF-8"?>
<!-- Generated by org.testng.reporters.JUnitReportReporter -->
<testsuite hostname="praveen-PC" name="dec29.TestCase1" tests="1" failures="0" timestamp="29 Dec 2015 11:24:47 GMT" time="27.692" errors="0">
  <testcase name="loginTest" time="27.692" classname="dec29.TestCase1"/>
</testsuite> <!-- dec29.TestCase1 -->
